c:\dev\hackerrank\hackerrank\debug\vc141.pdb
g:\projects\hackerrank_codingtest\hackerrank\debug\vc141.pdb
g:\projects\hackerrank_codingtest\hackerrank\debug\vc141.idb
g:\projects\hackerrank_codingtest\hackerrank\debug\[171024] a very big sum.obj
g:\projects\hackerrank_codingtest\hackerrank\debug\[171024] diagonal difference.obj
g:\projects\hackerrank_codingtest\hackerrank\debug\[171024] simple array sum.obj
g:\projects\hackerrank_codingtest\hackerrank\debug\[171024] compare the triplets.obj
g:\projects\hackerrank_codingtest\hackerrank\debug\[171025] birthday cake candles.obj
g:\projects\hackerrank_codingtest\hackerrank\debug\[171025] gridland metro.obj
g:\projects\hackerrank_codingtest\hackerrank\debug\[171025] hackerland radio transmitters.obj
g:\projects\hackerrank_codingtest\hackerrank\debug\[171025] mini-max sum.obj
g:\projects\hackerrank_codingtest\hackerrank\debug\[171025] plus minus.obj
g:\projects\hackerrank_codingtest\hackerrank\debug\[171025] staircase.obj
g:\projects\hackerrank_codingtest\hackerrank\debug\[171025] time conversion.obj
c:\dev\hackerrank\hackerrank\debug\vc141.idb
c:\dev\hackerrank\hackerrank\debug\[171024] a very big sum.obj
c:\dev\hackerrank\hackerrank\debug\[171024] compare the triplets.obj
c:\dev\hackerrank\hackerrank\debug\[171024] diagonal difference.obj
c:\dev\hackerrank\hackerrank\debug\[171024] simple array sum.obj
c:\dev\hackerrank\hackerrank\debug\[171025] birthday cake candles.obj
c:\dev\hackerrank\hackerrank\debug\[171025] hackerland radio transmitters.obj
c:\dev\hackerrank\hackerrank\debug\[171025] mini-max sum.obj
c:\dev\hackerrank\hackerrank\debug\[171025] plus minus.obj
c:\dev\hackerrank\hackerrank\debug\[171025] staircase.obj
c:\dev\hackerrank\hackerrank\debug\[171025] time conversion.obj
c:\dev\hackerrank\debug\hackerrank.pdb
c:\dev\hackerrank\debug\hackerrank.exe
c:\dev\hackerrank\debug\hackerrank.ilk
c:\dev\hackerrank\hackerrank\debug\hackerrank.tlog\cl.command.1.tlog
c:\dev\hackerrank\hackerrank\debug\hackerrank.tlog\cl.read.1.tlog
c:\dev\hackerrank\hackerrank\debug\hackerrank.tlog\cl.write.1.tlog
c:\dev\hackerrank\hackerrank\debug\hackerrank.tlog\link.13148.read.1.tlog
c:\dev\hackerrank\hackerrank\debug\hackerrank.tlog\link.13148.write.1.tlog
c:\dev\hackerrank\hackerrank\debug\hackerrank.tlog\link.command.1.tlog
c:\dev\hackerrank\hackerrank\debug\hackerrank.tlog\link.read.1.tlog
c:\dev\hackerrank\hackerrank\debug\hackerrank.tlog\link.write.1.tlog
